mode: set
github.com/zenobi-us/opennotes/internal/core/schema.go:15.41,16.18 1 1
github.com/zenobi-us/opennotes/internal/core/schema.go:16.18,18.3 1 0
github.com/zenobi-us/opennotes/internal/core/schema.go:19.2,19.49 1 1
github.com/zenobi-us/opennotes/internal/core/schema.go:25.42,26.17 1 1
github.com/zenobi-us/opennotes/internal/core/schema.go:26.17,28.3 1 0
github.com/zenobi-us/opennotes/internal/core/schema.go:29.2,29.17 1 1
github.com/zenobi-us/opennotes/internal/core/schema.go:29.17,31.3 1 0
github.com/zenobi-us/opennotes/internal/core/schema.go:33.2,34.24 2 1
github.com/zenobi-us/opennotes/internal/core/schema.go:34.24,36.3 1 1
github.com/zenobi-us/opennotes/internal/core/schema.go:37.2,37.34 1 1
github.com/zenobi-us/opennotes/internal/core/schema.go:41.48,44.24 2 1
github.com/zenobi-us/opennotes/internal/core/schema.go:44.24,46.17 2 1
github.com/zenobi-us/opennotes/internal/core/schema.go:46.17,48.4 1 0
github.com/zenobi-us/opennotes/internal/core/schema.go:49.3,49.53 1 1
github.com/zenobi-us/opennotes/internal/core/schema.go:52.2,53.38 2 1
github.com/zenobi-us/opennotes/internal/core/schema.go:53.38,55.32 2 1
github.com/zenobi-us/opennotes/internal/core/schema.go:55.32,57.4 1 1
github.com/zenobi-us/opennotes/internal/core/schema.go:60.2,60.34 1 1
github.com/zenobi-us/opennotes/internal/core/schema.go:70.32,74.2 1 1
github.com/zenobi-us/opennotes/internal/core/schema.go:77.54,79.18 2 1
github.com/zenobi-us/opennotes/internal/core/schema.go:79.18,81.3 1 0
github.com/zenobi-us/opennotes/internal/core/schema.go:82.2,85.3 1 1
github.com/zenobi-us/opennotes/internal/core/schema.go:89.46,94.2 1 1
github.com/zenobi-us/opennotes/internal/core/schema.go:97.47,99.2 1 1
github.com/zenobi-us/opennotes/internal/core/schema.go:102.38,104.2 1 1
github.com/zenobi-us/opennotes/internal/core/schema.go:109.46,110.16 1 1
github.com/zenobi-us/opennotes/internal/core/schema.go:110.16,112.3 1 1
github.com/zenobi-us/opennotes/internal/core/schema.go:114.2,114.38 1 1
github.com/zenobi-us/opennotes/internal/core/schema.go:114.38,116.3 1 0
github.com/zenobi-us/opennotes/internal/core/schema.go:119.2,120.30 2 1
github.com/zenobi-us/opennotes/internal/core/schema.go:120.30,122.3 1 1
github.com/zenobi-us/opennotes/internal/core/schema.go:124.2,124.12 1 1
github.com/zenobi-us/opennotes/internal/core/schema.go:128.38,129.16 1 0
github.com/zenobi-us/opennotes/internal/core/schema.go:129.16,131.3 1 0
github.com/zenobi-us/opennotes/internal/core/schema.go:134.2,135.31 2 0
github.com/zenobi-us/opennotes/internal/core/schema.go:135.31,137.3 1 0
github.com/zenobi-us/opennotes/internal/core/schema.go:139.2,139.12 1 0
github.com/zenobi-us/opennotes/internal/core/schema.go:143.42,144.16 1 1
github.com/zenobi-us/opennotes/internal/core/schema.go:144.16,146.3 1 1
github.com/zenobi-us/opennotes/internal/core/schema.go:149.2,151.21 2 1
github.com/zenobi-us/opennotes/internal/core/schema.go:151.21,153.3 1 0
github.com/zenobi-us/opennotes/internal/core/schema.go:156.2,156.34 1 1
github.com/zenobi-us/opennotes/internal/core/schema.go:156.34,158.3 1 1
github.com/zenobi-us/opennotes/internal/core/schema.go:160.2,160.12 1 1
github.com/zenobi-us/opennotes/internal/core/strings.go:10.34,29.2 8 1
github.com/zenobi-us/opennotes/internal/core/strings.go:32.33,37.29 3 1
github.com/zenobi-us/opennotes/internal/core/strings.go:37.29,38.36 1 1
github.com/zenobi-us/opennotes/internal/core/strings.go:38.36,39.12 1 1
github.com/zenobi-us/opennotes/internal/core/strings.go:42.3,43.27 2 1
github.com/zenobi-us/opennotes/internal/core/strings.go:43.27,44.31 1 1
github.com/zenobi-us/opennotes/internal/core/strings.go:44.31,46.5 1 1
github.com/zenobi-us/opennotes/internal/core/strings.go:46.10,47.10 1 1
github.com/zenobi-us/opennotes/internal/core/strings.go:51.3,51.44 1 1
github.com/zenobi-us/opennotes/internal/core/strings.go:51.44,53.4 1 1
github.com/zenobi-us/opennotes/internal/core/strings.go:56.2,56.20 1 1
github.com/zenobi-us/opennotes/internal/core/strings.go:56.20,58.3 1 1
github.com/zenobi-us/opennotes/internal/core/strings.go:61.2,62.29 2 1
github.com/zenobi-us/opennotes/internal/core/strings.go:62.29,63.29 1 1
github.com/zenobi-us/opennotes/internal/core/strings.go:63.29,65.4 1 1
github.com/zenobi-us/opennotes/internal/core/strings.go:65.9,67.4 1 1
github.com/zenobi-us/opennotes/internal/core/strings.go:70.2,70.35 1 1
github.com/zenobi-us/opennotes/internal/core/strings.go:74.53,77.30 2 1
github.com/zenobi-us/opennotes/internal/core/strings.go:77.30,78.28 1 1
github.com/zenobi-us/opennotes/internal/core/strings.go:79.17,81.27 2 1
github.com/zenobi-us/opennotes/internal/core/strings.go:81.27,83.5 1 1
github.com/zenobi-us/opennotes/internal/core/strings.go:84.14,86.27 2 0
github.com/zenobi-us/opennotes/internal/core/strings.go:86.27,88.5 1 0
github.com/zenobi-us/opennotes/internal/core/strings.go:89.11,90.56 1 1
github.com/zenobi-us/opennotes/internal/core/strings.go:94.2,94.34 1 1
github.com/zenobi-us/opennotes/internal/services/config.go:38.32,40.16 2 1
github.com/zenobi-us/opennotes/internal/services/config.go:40.16,42.3 1 0
github.com/zenobi-us/opennotes/internal/services/config.go:43.2,43.61 1 1
github.com/zenobi-us/opennotes/internal/services/config.go:47.49,49.2 1 0
github.com/zenobi-us/opennotes/internal/services/config.go:53.74,66.69 6 1
github.com/zenobi-us/opennotes/internal/services/config.go:66.69,68.3 1 0
github.com/zenobi-us/opennotes/internal/services/config.go:71.2,71.47 1 1
github.com/zenobi-us/opennotes/internal/services/config.go:71.47,72.75 1 1
github.com/zenobi-us/opennotes/internal/services/config.go:72.75,74.4 1 1
github.com/zenobi-us/opennotes/internal/services/config.go:79.2,79.70 1 1
github.com/zenobi-us/opennotes/internal/services/config.go:79.70,87.3 1 1
github.com/zenobi-us/opennotes/internal/services/config.go:88.2,88.16 1 1
github.com/zenobi-us/opennotes/internal/services/config.go:88.16,90.3 1 0
github.com/zenobi-us/opennotes/internal/services/config.go:93.2,94.46 2 1
github.com/zenobi-us/opennotes/internal/services/config.go:94.46,96.3 1 0
github.com/zenobi-us/opennotes/internal/services/config.go:98.2,105.8 2 1
github.com/zenobi-us/opennotes/internal/services/config.go:109.49,111.64 1 1
github.com/zenobi-us/opennotes/internal/services/config.go:111.64,113.3 1 0
github.com/zenobi-us/opennotes/internal/services/config.go:115.2,116.16 2 1
github.com/zenobi-us/opennotes/internal/services/config.go:116.16,118.3 1 0
github.com/zenobi-us/opennotes/internal/services/config.go:120.2,120.57 1 1
github.com/zenobi-us/opennotes/internal/services/config.go:120.57,122.3 1 0
github.com/zenobi-us/opennotes/internal/services/config.go:124.2,127.12 3 1
github.com/zenobi-us/opennotes/internal/services/config.go:131.39,133.2 1 1
github.com/zenobi-us/opennotes/internal/services/db.go:26.32,30.2 1 1
github.com/zenobi-us/opennotes/internal/services/db.go:34.65,37.19 2 1
github.com/zenobi-us/opennotes/internal/services/db.go:37.19,42.17 3 1
github.com/zenobi-us/opennotes/internal/services/db.go:42.17,45.4 2 0
github.com/zenobi-us/opennotes/internal/services/db.go:46.3,50.83 3 1
github.com/zenobi-us/opennotes/internal/services/db.go:50.83,53.4 2 0
github.com/zenobi-us/opennotes/internal/services/db.go:55.3,56.65 2 1
github.com/zenobi-us/opennotes/internal/services/db.go:56.65,59.4 2 0
github.com/zenobi-us/opennotes/internal/services/db.go:61.3,61.44 1 1
github.com/zenobi-us/opennotes/internal/services/db.go:64.2,64.20 1 1
github.com/zenobi-us/opennotes/internal/services/db.go:64.20,66.3 1 0
github.com/zenobi-us/opennotes/internal/services/db.go:68.2,68.18 1 1
github.com/zenobi-us/opennotes/internal/services/db.go:74.73,77.21 2 1
github.com/zenobi-us/opennotes/internal/services/db.go:77.21,82.17 3 1
github.com/zenobi-us/opennotes/internal/services/db.go:82.17,85.4 2 0
github.com/zenobi-us/opennotes/internal/services/db.go:88.3,89.83 2 1
github.com/zenobi-us/opennotes/internal/services/db.go:89.83,93.4 3 1
github.com/zenobi-us/opennotes/internal/services/db.go:95.3,96.65 2 1
github.com/zenobi-us/opennotes/internal/services/db.go:96.65,100.4 3 0
github.com/zenobi-us/opennotes/internal/services/db.go:102.3,103.54 2 1
github.com/zenobi-us/opennotes/internal/services/db.go:106.2,106.20 1 1
github.com/zenobi-us/opennotes/internal/services/db.go:106.20,108.3 1 1
github.com/zenobi-us/opennotes/internal/services/db.go:110.2,110.24 1 1
github.com/zenobi-us/opennotes/internal/services/db.go:114.117,116.16 2 1
github.com/zenobi-us/opennotes/internal/services/db.go:116.16,118.3 1 0
github.com/zenobi-us/opennotes/internal/services/db.go:120.2,121.16 2 1
github.com/zenobi-us/opennotes/internal/services/db.go:121.16,123.3 1 1
github.com/zenobi-us/opennotes/internal/services/db.go:124.2,124.15 1 1
github.com/zenobi-us/opennotes/internal/services/db.go:124.15,125.38 1 1
github.com/zenobi-us/opennotes/internal/services/db.go:125.38,127.4 1 0
github.com/zenobi-us/opennotes/internal/services/db.go:130.2,130.25 1 1
github.com/zenobi-us/opennotes/internal/services/db.go:134.67,136.16 2 1
github.com/zenobi-us/opennotes/internal/services/db.go:136.16,138.3 1 0
github.com/zenobi-us/opennotes/internal/services/db.go:140.2,142.18 2 1
github.com/zenobi-us/opennotes/internal/services/db.go:142.18,146.25 3 1
github.com/zenobi-us/opennotes/internal/services/db.go:146.25,148.4 1 1
github.com/zenobi-us/opennotes/internal/services/db.go:150.3,150.49 1 1
github.com/zenobi-us/opennotes/internal/services/db.go:150.49,152.4 1 0
github.com/zenobi-us/opennotes/internal/services/db.go:155.3,156.31 2 1
github.com/zenobi-us/opennotes/internal/services/db.go:156.31,158.4 1 1
github.com/zenobi-us/opennotes/internal/services/db.go:159.3,159.33 1 1
github.com/zenobi-us/opennotes/internal/services/db.go:162.2,162.35 1 1
github.com/zenobi-us/opennotes/internal/services/db.go:162.35,164.3 1 0
github.com/zenobi-us/opennotes/internal/services/db.go:166.2,166.21 1 1
github.com/zenobi-us/opennotes/internal/services/db.go:170.35,176.17 4 1
github.com/zenobi-us/opennotes/internal/services/db.go:176.17,178.38 2 1
github.com/zenobi-us/opennotes/internal/services/db.go:178.38,180.4 1 0
github.com/zenobi-us/opennotes/internal/services/db.go:183.2,183.23 1 1
github.com/zenobi-us/opennotes/internal/services/db.go:183.23,185.44 2 1
github.com/zenobi-us/opennotes/internal/services/db.go:185.44,187.4 1 0
github.com/zenobi-us/opennotes/internal/services/db.go:190.2,190.19 1 1
github.com/zenobi-us/opennotes/internal/services/db.go:190.19,192.3 1 0
github.com/zenobi-us/opennotes/internal/services/db.go:194.2,194.12 1 1
github.com/zenobi-us/opennotes/internal/services/display.go:19.37,24.16 2 1
github.com/zenobi-us/opennotes/internal/services/display.go:24.16,26.3 1 0
github.com/zenobi-us/opennotes/internal/services/display.go:28.2,28.42 1 1
github.com/zenobi-us/opennotes/internal/services/display.go:32.59,34.2 1 1
github.com/zenobi-us/opennotes/internal/services/display.go:37.84,38.17 1 1
github.com/zenobi-us/opennotes/internal/services/display.go:38.17,40.3 1 1
github.com/zenobi-us/opennotes/internal/services/display.go:42.2,43.48 2 1
github.com/zenobi-us/opennotes/internal/services/display.go:43.48,45.3 1 1
github.com/zenobi-us/opennotes/internal/services/display.go:48.2,49.16 2 1
github.com/zenobi-us/opennotes/internal/services/display.go:49.16,52.3 1 0
github.com/zenobi-us/opennotes/internal/services/display.go:54.2,54.22 1 1
github.com/zenobi-us/opennotes/internal/services/display.go:60.76,62.23 1 1
github.com/zenobi-us/opennotes/internal/services/display.go:62.23,65.3 2 1
github.com/zenobi-us/opennotes/internal/services/display.go:69.2,70.30 2 1
github.com/zenobi-us/opennotes/internal/services/display.go:70.30,72.3 1 1
github.com/zenobi-us/opennotes/internal/services/display.go:75.2,76.29 2 1
github.com/zenobi-us/opennotes/internal/services/display.go:76.29,78.3 1 1
github.com/zenobi-us/opennotes/internal/services/display.go:79.2,85.30 3 1
github.com/zenobi-us/opennotes/internal/services/display.go:85.30,87.3 1 1
github.com/zenobi-us/opennotes/internal/services/display.go:90.2,90.30 1 1
github.com/zenobi-us/opennotes/internal/services/display.go:90.30,91.31 1 1
github.com/zenobi-us/opennotes/internal/services/display.go:91.31,93.30 2 1
github.com/zenobi-us/opennotes/internal/services/display.go:93.30,95.5 1 1
github.com/zenobi-us/opennotes/internal/services/display.go:100.2,100.30 1 1
github.com/zenobi-us/opennotes/internal/services/display.go:100.30,101.12 1 1
github.com/zenobi-us/opennotes/internal/services/display.go:101.12,103.4 1 1
github.com/zenobi-us/opennotes/internal/services/display.go:104.3,104.39 1 1
github.com/zenobi-us/opennotes/internal/services/display.go:106.2,109.30 2 1
github.com/zenobi-us/opennotes/internal/services/display.go:109.30,110.12 1 1
github.com/zenobi-us/opennotes/internal/services/display.go:110.12,112.4 1 1
github.com/zenobi-us/opennotes/internal/services/display.go:113.3,113.46 1 1
github.com/zenobi-us/opennotes/internal/services/display.go:115.2,118.30 2 1
github.com/zenobi-us/opennotes/internal/services/display.go:118.30,119.31 1 1
github.com/zenobi-us/opennotes/internal/services/display.go:119.31,120.13 1 1
github.com/zenobi-us/opennotes/internal/services/display.go:120.13,122.5 1 1
github.com/zenobi-us/opennotes/internal/services/display.go:123.4,124.40 2 1
github.com/zenobi-us/opennotes/internal/services/display.go:126.3,126.16 1 1
github.com/zenobi-us/opennotes/internal/services/display.go:130.2,131.23 2 1
github.com/zenobi-us/opennotes/internal/services/display.go:131.23,133.3 1 1
github.com/zenobi-us/opennotes/internal/services/display.go:134.2,136.12 2 1
github.com/zenobi-us/opennotes/internal/services/logger.go:12.19,17.30 2 1
github.com/zenobi-us/opennotes/internal/services/logger.go:17.30,19.3 1 1
github.com/zenobi-us/opennotes/internal/services/logger.go:22.2,22.46 1 1
github.com/zenobi-us/opennotes/internal/services/logger.go:22.46,23.57 1 1
github.com/zenobi-us/opennotes/internal/services/logger.go:23.57,25.4 1 1
github.com/zenobi-us/opennotes/internal/services/logger.go:28.2,33.32 2 1
github.com/zenobi-us/opennotes/internal/services/logger.go:37.43,39.2 1 1
github.com/zenobi-us/opennotes/internal/services/note.go:30.37,32.42 1 1
github.com/zenobi-us/opennotes/internal/services/note.go:32.42,33.59 1 1
github.com/zenobi-us/opennotes/internal/services/note.go:33.59,35.4 1 1
github.com/zenobi-us/opennotes/internal/services/note.go:39.2,42.31 3 1
github.com/zenobi-us/opennotes/internal/services/note.go:54.90,61.2 1 1
github.com/zenobi-us/opennotes/internal/services/note.go:64.86,65.26 1 1
github.com/zenobi-us/opennotes/internal/services/note.go:65.26,67.3 1 1
github.com/zenobi-us/opennotes/internal/services/note.go:69.2,70.16 2 1
github.com/zenobi-us/opennotes/internal/services/note.go:70.16,72.3 1 0
github.com/zenobi-us/opennotes/internal/services/note.go:74.2,80.16 5 1
github.com/zenobi-us/opennotes/internal/services/note.go:80.16,82.3 1 1
github.com/zenobi-us/opennotes/internal/services/note.go:83.2,83.15 1 1
github.com/zenobi-us/opennotes/internal/services/note.go:83.15,84.38 1 1
github.com/zenobi-us/opennotes/internal/services/note.go:84.38,86.4 1 0
github.com/zenobi-us/opennotes/internal/services/note.go:89.2,91.16 3 1
github.com/zenobi-us/opennotes/internal/services/note.go:91.16,93.3 1 0
github.com/zenobi-us/opennotes/internal/services/note.go:95.2,95.18 1 1
github.com/zenobi-us/opennotes/internal/services/note.go:95.18,99.25 3 1
github.com/zenobi-us/opennotes/internal/services/note.go:99.25,101.4 1 1
github.com/zenobi-us/opennotes/internal/services/note.go:103.3,103.49 1 1
github.com/zenobi-us/opennotes/internal/services/note.go:103.49,105.12 2 0
github.com/zenobi-us/opennotes/internal/services/note.go:109.3,113.31 2 1
github.com/zenobi-us/opennotes/internal/services/note.go:113.31,115.15 2 1
github.com/zenobi-us/opennotes/internal/services/note.go:116.45,117.34 1 1
github.com/zenobi-us/opennotes/internal/services/note.go:117.34,120.6 2 1
github.com/zenobi-us/opennotes/internal/services/note.go:121.27,122.34 1 1
github.com/zenobi-us/opennotes/internal/services/note.go:122.34,124.6 1 1
github.com/zenobi-us/opennotes/internal/services/note.go:125.20,130.33 2 1
github.com/zenobi-us/opennotes/internal/services/note.go:130.33,132.39 1 1
github.com/zenobi-us/opennotes/internal/services/note.go:132.39,133.53 1 1
github.com/zenobi-us/opennotes/internal/services/note.go:133.53,135.8 1 1
github.com/zenobi-us/opennotes/internal/services/note.go:137.11,137.46 1 0
github.com/zenobi-us/opennotes/internal/services/note.go:137.46,138.28 1 0
github.com/zenobi-us/opennotes/internal/services/note.go:138.28,139.39 1 0
github.com/zenobi-us/opennotes/internal/services/note.go:139.39,141.8 1 0
github.com/zenobi-us/opennotes/internal/services/note.go:143.11,143.49 1 0
github.com/zenobi-us/opennotes/internal/services/note.go:143.49,145.6 1 0
github.com/zenobi-us/opennotes/internal/services/note.go:146.12,147.29 1 0
github.com/zenobi-us/opennotes/internal/services/note.go:152.3,152.18 1 1
github.com/zenobi-us/opennotes/internal/services/note.go:152.18,155.84 1 1
github.com/zenobi-us/opennotes/internal/services/note.go:155.84,156.13 1 1
github.com/zenobi-us/opennotes/internal/services/note.go:160.3,160.30 1 1
github.com/zenobi-us/opennotes/internal/services/note.go:163.2,163.35 1 1
github.com/zenobi-us/opennotes/internal/services/note.go:163.35,165.3 1 0
github.com/zenobi-us/opennotes/internal/services/note.go:167.2,168.19 2 1
github.com/zenobi-us/opennotes/internal/services/note.go:172.63,173.26 1 1
github.com/zenobi-us/opennotes/internal/services/note.go:173.26,175.3 1 1
github.com/zenobi-us/opennotes/internal/services/note.go:177.2,178.16 2 1
github.com/zenobi-us/opennotes/internal/services/note.go:178.16,180.3 1 0
github.com/zenobi-us/opennotes/internal/services/note.go:182.2,186.41 4 1
github.com/zenobi-us/opennotes/internal/services/note.go:186.41,188.3 1 1
github.com/zenobi-us/opennotes/internal/services/note.go:190.2,190.19 1 1
github.com/zenobi-us/opennotes/internal/services/note.go:196.38,200.22 2 1
github.com/zenobi-us/opennotes/internal/services/note.go:200.22,202.3 1 1
github.com/zenobi-us/opennotes/internal/services/note.go:205.2,205.88 1 1
github.com/zenobi-us/opennotes/internal/services/note.go:205.88,207.3 1 1
github.com/zenobi-us/opennotes/internal/services/note.go:211.2,211.61 1 1
github.com/zenobi-us/opennotes/internal/services/note.go:211.61,214.3 1 1
github.com/zenobi-us/opennotes/internal/services/note.go:216.2,230.31 2 1
github.com/zenobi-us/opennotes/internal/services/note.go:230.31,231.23 1 1
github.com/zenobi-us/opennotes/internal/services/note.go:231.23,233.4 1 1
github.com/zenobi-us/opennotes/internal/services/note.go:236.2,236.12 1 1
github.com/zenobi-us/opennotes/internal/services/note.go:242.99,244.43 1 1
github.com/zenobi-us/opennotes/internal/services/note.go:244.43,247.3 2 1
github.com/zenobi-us/opennotes/internal/services/note.go:250.2,251.16 2 1
github.com/zenobi-us/opennotes/internal/services/note.go:251.16,254.3 2 1
github.com/zenobi-us/opennotes/internal/services/note.go:257.2,264.16 5 1
github.com/zenobi-us/opennotes/internal/services/note.go:264.16,267.3 2 1
github.com/zenobi-us/opennotes/internal/services/note.go:268.2,268.15 1 1
github.com/zenobi-us/opennotes/internal/services/note.go:268.15,269.38 1 1
github.com/zenobi-us/opennotes/internal/services/note.go:269.38,271.4 1 0
github.com/zenobi-us/opennotes/internal/services/note.go:275.2,276.16 2 1
github.com/zenobi-us/opennotes/internal/services/note.go:276.16,279.3 2 0
github.com/zenobi-us/opennotes/internal/services/note.go:281.2,282.21 2 1
github.com/zenobi-us/opennotes/internal/services/note.go:286.88,288.2 1 1
github.com/zenobi-us/opennotes/internal/services/notebook.go:51.77,57.2 1 1
github.com/zenobi-us/opennotes/internal/services/notebook.go:60.48,62.2 1 1
github.com/zenobi-us/opennotes/internal/services/notebook.go:65.57,66.16 1 1
github.com/zenobi-us/opennotes/internal/services/notebook.go:66.16,68.3 1 1
github.com/zenobi-us/opennotes/internal/services/notebook.go:69.2,70.19 2 1
github.com/zenobi-us/opennotes/internal/services/notebook.go:74.76,78.16 3 1
github.com/zenobi-us/opennotes/internal/services/notebook.go:78.16,80.3 1 1
github.com/zenobi-us/opennotes/internal/services/notebook.go:82.2,83.54 2 1
github.com/zenobi-us/opennotes/internal/services/notebook.go:83.54,85.3 1 1
github.com/zenobi-us/opennotes/internal/services/notebook.go:88.2,89.45 2 1
github.com/zenobi-us/opennotes/internal/services/notebook.go:89.45,91.25 1 1
github.com/zenobi-us/opennotes/internal/services/notebook.go:91.25,92.58 1 1
github.com/zenobi-us/opennotes/internal/services/notebook.go:92.58,94.5 1 0
github.com/zenobi-us/opennotes/internal/services/notebook.go:95.9,97.4 1 0
github.com/zenobi-us/opennotes/internal/services/notebook.go:100.2,109.8 1 1
github.com/zenobi-us/opennotes/internal/services/notebook.go:113.72,115.16 2 1
github.com/zenobi-us/opennotes/internal/services/notebook.go:115.16,117.3 1 0
github.com/zenobi-us/opennotes/internal/services/notebook.go:119.2,124.8 2 1
github.com/zenobi-us/opennotes/internal/services/notebook.go:128.87,129.16 1 1
github.com/zenobi-us/opennotes/internal/services/notebook.go:129.16,131.3 1 0
github.com/zenobi-us/opennotes/internal/services/notebook.go:133.2,153.52 3 1
github.com/zenobi-us/opennotes/internal/services/notebook.go:153.52,155.3 1 0
github.com/zenobi-us/opennotes/internal/services/notebook.go:157.2,164.71 3 1
github.com/zenobi-us/opennotes/internal/services/notebook.go:164.71,166.3 1 0
github.com/zenobi-us/opennotes/internal/services/notebook.go:168.2,168.22 1 1
github.com/zenobi-us/opennotes/internal/services/notebook.go:173.64,174.15 1 1
github.com/zenobi-us/opennotes/internal/services/notebook.go:174.15,176.3 1 0
github.com/zenobi-us/opennotes/internal/services/notebook.go:179.2,179.76 1 1
github.com/zenobi-us/opennotes/internal/services/notebook.go:179.76,180.34 1 1
github.com/zenobi-us/opennotes/internal/services/notebook.go:180.34,182.4 1 1
github.com/zenobi-us/opennotes/internal/services/notebook.go:186.2,187.31 2 1
github.com/zenobi-us/opennotes/internal/services/notebook.go:187.31,188.33 1 1
github.com/zenobi-us/opennotes/internal/services/notebook.go:188.33,190.4 1 1
github.com/zenobi-us/opennotes/internal/services/notebook.go:194.2,195.38 2 1
github.com/zenobi-us/opennotes/internal/services/notebook.go:195.38,196.29 1 1
github.com/zenobi-us/opennotes/internal/services/notebook.go:196.29,198.4 1 0
github.com/zenobi-us/opennotes/internal/services/notebook.go:199.3,199.34 1 1
github.com/zenobi-us/opennotes/internal/services/notebook.go:202.2,202.17 1 1
github.com/zenobi-us/opennotes/internal/services/notebook.go:206.65,210.55 2 1
github.com/zenobi-us/opennotes/internal/services/notebook.go:210.55,211.26 1 1
github.com/zenobi-us/opennotes/internal/services/notebook.go:211.26,212.43 1 1
github.com/zenobi-us/opennotes/internal/services/notebook.go:212.43,214.5 1 1
github.com/zenobi-us/opennotes/internal/services/notebook.go:219.2,219.15 1 1
github.com/zenobi-us/opennotes/internal/services/notebook.go:219.15,221.3 1 0
github.com/zenobi-us/opennotes/internal/services/notebook.go:222.2,223.38 2 1
github.com/zenobi-us/opennotes/internal/services/notebook.go:223.38,224.29 1 1
github.com/zenobi-us/opennotes/internal/services/notebook.go:224.29,225.46 1 1
github.com/zenobi-us/opennotes/internal/services/notebook.go:225.46,228.40 2 1
github.com/zenobi-us/opennotes/internal/services/notebook.go:228.40,229.48 1 1
github.com/zenobi-us/opennotes/internal/services/notebook.go:229.48,231.12 2 1
github.com/zenobi-us/opennotes/internal/services/notebook.go:234.5,234.15 1 1
github.com/zenobi-us/opennotes/internal/services/notebook.go:234.15,236.6 1 1
github.com/zenobi-us/opennotes/internal/services/notebook.go:239.3,239.34 1 1
github.com/zenobi-us/opennotes/internal/services/notebook.go:242.2,242.23 1 1
github.com/zenobi-us/opennotes/internal/services/notebook.go:248.53,249.40 1 1
github.com/zenobi-us/opennotes/internal/services/notebook.go:249.40,250.35 1 1
github.com/zenobi-us/opennotes/internal/services/notebook.go:250.35,252.4 1 1
github.com/zenobi-us/opennotes/internal/services/notebook.go:254.2,254.11 1 1
github.com/zenobi-us/opennotes/internal/services/notebook.go:258.87,259.23 1 1
github.com/zenobi-us/opennotes/internal/services/notebook.go:259.23,261.3 1 0
github.com/zenobi-us/opennotes/internal/services/notebook.go:264.2,264.53 1 1
github.com/zenobi-us/opennotes/internal/services/notebook.go:264.53,266.3 1 1
github.com/zenobi-us/opennotes/internal/services/notebook.go:268.2,269.43 2 1
github.com/zenobi-us/opennotes/internal/services/notebook.go:273.82,275.53 2 1
github.com/zenobi-us/opennotes/internal/services/notebook.go:275.53,277.3 1 0
github.com/zenobi-us/opennotes/internal/services/notebook.go:280.2,281.19 2 1
github.com/zenobi-us/opennotes/internal/services/notebook.go:281.19,283.3 1 0
github.com/zenobi-us/opennotes/internal/services/notebook.go:285.2,294.16 3 1
github.com/zenobi-us/opennotes/internal/services/notebook.go:294.16,296.3 1 0
github.com/zenobi-us/opennotes/internal/services/notebook.go:298.2,298.64 1 1
github.com/zenobi-us/opennotes/internal/services/notebook.go:298.64,300.3 1 0
github.com/zenobi-us/opennotes/internal/services/notebook.go:303.2,303.14 1 1
github.com/zenobi-us/opennotes/internal/services/notebook.go:303.14,306.46 3 1
github.com/zenobi-us/opennotes/internal/services/notebook.go:306.46,308.4 1 1
github.com/zenobi-us/opennotes/internal/services/notebook.go:309.3,310.50 2 1
github.com/zenobi-us/opennotes/internal/services/notebook.go:313.2,313.12 1 1
github.com/zenobi-us/opennotes/internal/services/templates.go:16.13,20.37 3 1
github.com/zenobi-us/opennotes/internal/services/templates.go:20.37,22.17 2 1
github.com/zenobi-us/opennotes/internal/services/templates.go:22.17,25.12 2 0
github.com/zenobi-us/opennotes/internal/services/templates.go:27.3,27.31 1 1
github.com/zenobi-us/opennotes/internal/services/templates.go:32.60,34.16 2 1
github.com/zenobi-us/opennotes/internal/services/templates.go:34.16,36.3 1 0
github.com/zenobi-us/opennotes/internal/services/templates.go:38.2,39.16 2 1
github.com/zenobi-us/opennotes/internal/services/templates.go:39.16,41.3 1 0
github.com/zenobi-us/opennotes/internal/services/templates.go:43.2,43.18 1 1
github.com/zenobi-us/opennotes/internal/services/templates.go:47.54,50.9 2 1
github.com/zenobi-us/opennotes/internal/services/templates.go:50.9,52.3 1 1
github.com/zenobi-us/opennotes/internal/services/templates.go:54.2,55.16 2 1
github.com/zenobi-us/opennotes/internal/services/templates.go:55.16,58.49 2 0
github.com/zenobi-us/opennotes/internal/services/templates.go:58.49,60.4 1 0
github.com/zenobi-us/opennotes/internal/services/templates.go:62.3,62.27 1 0
github.com/zenobi-us/opennotes/internal/services/templates.go:65.2,65.42 1 1
github.com/zenobi-us/opennotes/internal/testutil/config.go:14.77,20.68 3 0
github.com/zenobi-us/opennotes/internal/testutil/config.go:20.68,22.3 1 0
github.com/zenobi-us/opennotes/internal/testutil/config.go:24.2,25.16 2 0
github.com/zenobi-us/opennotes/internal/testutil/config.go:25.16,27.3 1 0
github.com/zenobi-us/opennotes/internal/testutil/config.go:29.2,29.61 1 0
github.com/zenobi-us/opennotes/internal/testutil/config.go:29.61,31.3 1 0
github.com/zenobi-us/opennotes/internal/testutil/config.go:33.2,33.19 1 0
github.com/zenobi-us/opennotes/internal/testutil/config.go:38.60,41.34 2 0
github.com/zenobi-us/opennotes/internal/testutil/config.go:41.34,43.3 1 0
github.com/zenobi-us/opennotes/internal/testutil/config.go:47.59,52.68 3 0
github.com/zenobi-us/opennotes/internal/testutil/config.go:52.68,54.3 1 0
github.com/zenobi-us/opennotes/internal/testutil/config.go:56.2,56.83 1 0
github.com/zenobi-us/opennotes/internal/testutil/config.go:56.83,58.3 1 0
github.com/zenobi-us/opennotes/internal/testutil/config.go:60.2,60.19 1 0
github.com/zenobi-us/opennotes/internal/testutil/notebook.go:19.64,25.55 3 0
github.com/zenobi-us/opennotes/internal/testutil/notebook.go:25.55,27.3 1 0
github.com/zenobi-us/opennotes/internal/testutil/notebook.go:30.2,31.52 2 0
github.com/zenobi-us/opennotes/internal/testutil/notebook.go:31.52,33.3 1 0
github.com/zenobi-us/opennotes/internal/testutil/notebook.go:36.2,44.16 4 0
github.com/zenobi-us/opennotes/internal/testutil/notebook.go:44.16,46.3 1 0
github.com/zenobi-us/opennotes/internal/testutil/notebook.go:48.2,48.61 1 0
github.com/zenobi-us/opennotes/internal/testutil/notebook.go:48.61,50.3 1 0
github.com/zenobi-us/opennotes/internal/testutil/notebook.go:52.2,52.20 1 0
github.com/zenobi-us/opennotes/internal/testutil/notebook.go:57.81,64.52 4 0
github.com/zenobi-us/opennotes/internal/testutil/notebook.go:64.52,66.3 1 0
github.com/zenobi-us/opennotes/internal/testutil/notebook.go:68.2,68.70 1 0
github.com/zenobi-us/opennotes/internal/testutil/notebook.go:68.70,70.3 1 0
github.com/zenobi-us/opennotes/internal/testutil/notebook.go:72.2,72.17 1 0
github.com/zenobi-us/opennotes/internal/testutil/notebook.go:76.136,81.26 3 0
github.com/zenobi-us/opennotes/internal/testutil/notebook.go:81.26,83.39 2 0
github.com/zenobi-us/opennotes/internal/testutil/notebook.go:83.39,85.4 1 0
github.com/zenobi-us/opennotes/internal/testutil/notebook.go:86.3,86.23 1 0
github.com/zenobi-us/opennotes/internal/testutil/notebook.go:88.2,90.58 2 0
github.com/zenobi-us/opennotes/internal/testutil/notebook.go:94.40,95.25 1 0
github.com/zenobi-us/opennotes/internal/testutil/notebook.go:96.14,97.13 1 0
github.com/zenobi-us/opennotes/internal/testutil/notebook.go:98.16,100.25 2 0
github.com/zenobi-us/opennotes/internal/testutil/notebook.go:100.25,101.13 1 0
github.com/zenobi-us/opennotes/internal/testutil/notebook.go:101.13,103.5 1 0
github.com/zenobi-us/opennotes/internal/testutil/notebook.go:104.4,104.15 1 0
github.com/zenobi-us/opennotes/internal/testutil/notebook.go:106.3,106.22 1 0
github.com/zenobi-us/opennotes/internal/testutil/notebook.go:107.10,109.22 2 0
github.com/zenobi-us/opennotes/internal/testutil/notebook.go:114.73,119.55 3 0
github.com/zenobi-us/opennotes/internal/testutil/notebook.go:119.55,121.3 1 0
github.com/zenobi-us/opennotes/internal/testutil/notebook.go:123.2,124.83 2 0
github.com/zenobi-us/opennotes/internal/testutil/notebook.go:124.83,126.3 1 0
github.com/zenobi-us/opennotes/internal/testutil/notebook.go:128.2,128.20 1 0
